<?xml version="1.0" encoding="UTF-8"?>
<!-- Generated by org.testng.reporters.JUnitXMLReporter -->
<testsuite hostname="LAPTOP-A9SHFLG8" name="assert_softassert" tests="1" failures="1" timestamp="15 Sep 2017 21:54:24 GMT" time="0.012" errors="0">
  <testcase name="RegisterTest" time="0.005" classname="Testcases.assert_softAssert">
    <failure type="java.lang.AssertionError" message="The following asserts failed:
	expected [aaaaa] but found [bbbbb],
	expected [Q] but found [P]">
      <![CDATA[java.lang.AssertionError: The following asserts failed:
	expected [aaaaa] but found [bbbbb],
	expected [Q] but found [P]
	at Testcases.assert_softAssert.RegisterTest(assert_softAssert.java:25)
	at java.util.concurrent.FutureTask.run(FutureTask.java:266)
	at java.util.concurrent.ThreadPoolExecutor.runWorker(ThreadPoolExecutor.java:1142)
	at java.util.concurrent.ThreadPoolExecutor$Worker.run(ThreadPoolExecutor.java:617)
	at java.lang.Thread.run(Thread.java:745)
... Removed 17 stack frames]]>
    </failure>
  </testcase> <!-- RegisterTest -->
</testsuite> <!-- assert_softassert -->
