<!DOCTYPE html PUBLIC "-//W3C//DTD XHTML 1.1//EN" "http://www.w3.org/TR/xhtml11/DTD/xhtml11.dtd">
<html xmlns="http://www.w3.org/1999/xhtml"><head><title>TestNG Report</title><style type="text/css">table {margin-bottom:10px;border-collapse:collapse;empty-cells:show}th,td {border:1px solid #009;padding:.25em .5em}th {vertical-align:bottom}td {vertical-align:top}table a {font-weight:bold}.stripe td {background-color: #E6EBF9}.num {text-align:right}.passedodd td {background-color: #3F3}.passedeven td {background-color: #0A0}.skippedodd td {background-color: #DDD}.skippedeven td {background-color: #CCC}.failedodd td,.attn {background-color: #F33}.failedeven td,.stripe .attn {background-color: #D00}.stacktrace {white-space:pre;font-family:monospace}.totop {font-size:85%;text-align:center;border-bottom:2px solid #000}</style></head><body><table><tr><th>Test</th><th># Passed</th><th># Skipped</th><th># Failed</th><th>Time (ms)</th><th>Included Groups</th><th>Excluded Groups</th></tr><tr><th colspan="7">Learning TestNG</th></tr><tr><td><a href="#t0">RegisterTest</a></td><td class="num">0</td><td class="num">0</td><td class="num attn">1</td><td class="num">13</td><td></td><td></td></tr><tr class="stripe"><td><a href="#t1">Application Test</a></td><td class="num">2</td><td class="num attn">1</td><td class="num">0</td><td class="num">11</td><td></td><td></td></tr><tr><td><a href="#t2">assert_softassert</a></td><td class="num">0</td><td class="num">0</td><td class="num attn">1</td><td class="num">12</td><td></td><td></td></tr><tr class="stripe"><td><a href="#t3">LoginTest_Parameterise</a></td><td class="num">3</td><td class="num">0</td><td class="num">0</td><td class="num">17</td><td></td><td></td></tr><tr><td><a href="#t4">Using_SoftAssert</a></td><td class="num">0</td><td class="num attn">2</td><td class="num attn">1</td><td class="num">19</td><td></td><td></td></tr><tr class="stripe"><td><a href="#t5">Objectclass_Demo</a></td><td class="num">0</td><td class="num">0</td><td class="num">0</td><td class="num">0</td><td></td><td></td></tr><tr><th>Total</th><th class="num">5</th><th class="num attn">3</th><th class="num attn">3</th><th class="num">72</th><th colspan="2"></th></tr></table><table><thead><tr><th>Class</th><th>Method</th><th>Start</th><th>Time (ms)</th></tr></thead><tbody><tr><th colspan="4">Learning TestNG</th></tr></tbody><tbody id="t0"><tr><th colspan="4">RegisterTest &#8212; failed</th></tr><tr class="failedeven"><td rowspan="1">Testcases.RegTest</td><td><a href="#m0">registerTest</a></td><td rowspan="1">1505512464814</td><td rowspan="1">0</td></tr></tbody><tbody id="t1"><tr><th colspan="4">Application Test &#8212; skipped</th></tr><tr class="skippedeven"><td rowspan="1">Testcases.ApplicationTest</td><td><a href="#m1">LoginTest</a></td><td rowspan="1">1505512464808</td><td rowspan="1">1</td></tr><tr><th colspan="4">Application Test &#8212; passed</th></tr><tr class="passedeven"><td rowspan="2">Testcases.ApplicationTest</td><td><a href="#m2">LogoutTest</a></td><td rowspan="1">1505512464811</td><td rowspan="1">0</td></tr><tr class="passedeven"><td><a href="#m3">PassWordChangeTest</a></td><td rowspan="1">1505512464810</td><td rowspan="1">0</td></tr></tbody><tbody id="t2"><tr><th colspan="4">assert_softassert &#8212; failed</th></tr><tr class="failedeven"><td rowspan="1">Testcases.assert_softAssert</td><td><a href="#m4">RegisterTest</a></td><td rowspan="1">1505512464808</td><td rowspan="1">5</td></tr></tbody><tbody id="t3"><tr><th colspan="4">LoginTest_Parameterise &#8212; passed</th></tr><tr class="passedeven"><td rowspan="3">Testcases.LoginTest_ParameteriseTests</td><td><a href="#m5">doLoginTest</a></td><td rowspan="3">1505512464818</td><td rowspan="3">0</td></tr><tr class="passedeven"><td><a href="#m6">doLoginTest</a></td></tr><tr class="passedeven"><td><a href="#m7">doLoginTest</a></td></tr></tbody><tbody id="t4"><tr><th colspan="4">Using_SoftAssert &#8212; failed</th></tr><tr class="failedeven"><td rowspan="1">Testcases.Using_SoftAssert</td><td><a href="#m8">LoginTest</a></td><td rowspan="1">1505512464815</td><td rowspan="1">3</td></tr><tr><th colspan="4">Using_SoftAssert &#8212; skipped</th></tr><tr class="skippedeven"><td rowspan="2">Testcases.Using_SoftAssert</td><td><a href="#m9">LogoutTest</a></td><td rowspan="1">1505512464820</td><td rowspan="1">0</td></tr><tr class="skippedeven"><td><a href="#m10">PassWordChangeTest</a></td><td rowspan="1">1505512464819</td><td rowspan="1">0</td></tr></tbody><tbody id="t5"></tbody></table><h2>RegisterTest</h2><h3 id="m0">Testcases.RegTest#registerTest</h3><table class="result"><tr><th>Exception</th></tr><tr><td><div class="stacktrace">java.lang.AssertionError: error message expected [true] but found [false]
	at Testcases.RegTest.registerTest(RegTest.java:36)
	at java.util.concurrent.FutureTask.run(FutureTask.java:266)
	at java.util.concurrent.ThreadPoolExecutor.runWorker(ThreadPoolExecutor.java:1142)
	at java.util.concurrent.ThreadPoolExecutor$Worker.run(ThreadPoolExecutor.java:617)
	at java.lang.Thread.run(Thread.java:745)
... Removed 19 stack frames</div></td></tr></table><p class="totop"><a href="#summary">back to summary</a></p><h2>Application Test</h2><h3 id="m1">Testcases.ApplicationTest#LoginTest</h3><table class="result"><tr><th>Exception</th></tr><tr><td><div class="stacktrace">org.testng.SkipException: some reason
	at Testcases.ApplicationTest.LoginTest(ApplicationTest.java:102)
	at java.util.concurrent.FutureTask.run(FutureTask.java:266)
	at java.util.concurrent.ThreadPoolExecutor.runWorker(ThreadPoolExecutor.java:1142)
	at java.util.concurrent.ThreadPoolExecutor$Worker.run(ThreadPoolExecutor.java:617)
	at java.lang.Thread.run(Thread.java:745)
... Removed 16 stack frames</div></td></tr></table><p class="totop"><a href="#summary">back to summary</a></p><h3 id="m2">Testcases.ApplicationTest#LogoutTest</h3><table class="result"></table><p class="totop"><a href="#summary">back to summary</a></p><h3 id="m3">Testcases.ApplicationTest#PassWordChangeTest</h3><table class="result"></table><p class="totop"><a href="#summary">back to summary</a></p><h2>assert_softassert</h2><h3 id="m4">Testcases.assert_softAssert#RegisterTest</h3><table class="result"><tr><th>Exception</th></tr><tr><td><div class="stacktrace">java.lang.AssertionError: The following asserts failed:
	expected [aaaaa] but found [bbbbb],
	expected [Q] but found [P]
	at Testcases.assert_softAssert.RegisterTest(assert_softAssert.java:25)
	at java.util.concurrent.FutureTask.run(FutureTask.java:266)
	at java.util.concurrent.ThreadPoolExecutor.runWorker(ThreadPoolExecutor.java:1142)
	at java.util.concurrent.ThreadPoolExecutor$Worker.run(ThreadPoolExecutor.java:617)
	at java.lang.Thread.run(Thread.java:745)
... Removed 17 stack frames</div></td></tr></table><p class="totop"><a href="#summary">back to summary</a></p><h2>LoginTest_Parameterise</h2><h3 id="m5">Testcases.LoginTest_ParameteriseTests#doLoginTest</h3><table class="result"><tr class="param"><th>Parameter #1</th><th>Parameter #2</th><th>Parameter #3</th><th>Parameter #4</th><th>Parameter #5</th></tr><tr class="param stripe"><td>U2</td><td>P2</td><td>Mozilla</td><td>Pass</td><td>998765443</td></tr></table><p class="totop"><a href="#summary">back to summary</a></p><h3 id="m6">Testcases.LoginTest_ParameteriseTests#doLoginTest</h3><table class="result"><tr class="param"><th>Parameter #1</th><th>Parameter #2</th><th>Parameter #3</th><th>Parameter #4</th><th>Parameter #5</th></tr><tr class="param stripe"><td>U1</td><td>P1</td><td>Mozilla</td><td>Pass</td><td>998765443</td></tr></table><p class="totop"><a href="#summary">back to summary</a></p><h3 id="m7">Testcases.LoginTest_ParameteriseTests#doLoginTest</h3><table class="result"><tr class="param"><th>Parameter #1</th><th>Parameter #2</th><th>Parameter #3</th><th>Parameter #4</th><th>Parameter #5</th></tr><tr class="param stripe"><td>U3</td><td>P3</td><td>Mozilla</td><td>Pass</td><td>998765443</td></tr></table><p class="totop"><a href="#summary">back to summary</a></p><h2>Using_SoftAssert</h2><h3 id="m8">Testcases.Using_SoftAssert#LoginTest</h3><table class="result"><tr><th>Exception</th></tr><tr><td><div class="stacktrace">java.lang.AssertionError: The following asserts failed:
	error message 1 ,
	expected [B] but found [A]
	at Testcases.Using_SoftAssert.LoginTest(Using_SoftAssert.java:77)
	at java.util.concurrent.FutureTask.run(FutureTask.java:266)
	at java.util.concurrent.ThreadPoolExecutor.runWorker(ThreadPoolExecutor.java:1142)
	at java.util.concurrent.ThreadPoolExecutor$Worker.run(ThreadPoolExecutor.java:617)
	at java.lang.Thread.run(Thread.java:745)
... Removed 17 stack frames</div></td></tr></table><p class="totop"><a href="#summary">back to summary</a></p><h3 id="m9">Testcases.Using_SoftAssert#LogoutTest</h3><table class="result"><tr><th>Exception</th></tr><tr><td><div class="stacktrace">java.lang.Throwable: Method Using_SoftAssert.LogoutTest()[pri:3, instance:Testcases.Using_SoftAssert@7e0babb1] depends on not successfully finished methods
	at java.util.concurrent.FutureTask.run(FutureTask.java:266)
	at java.util.concurrent.ThreadPoolExecutor.runWorker(ThreadPoolExecutor.java:1142)
	at java.util.concurrent.ThreadPoolExecutor$Worker.run(ThreadPoolExecutor.java:617)
	at java.lang.Thread.run(Thread.java:745)
... Removed 9 stack frames</div></td></tr></table><p class="totop"><a href="#summary">back to summary</a></p><h3 id="m10">Testcases.Using_SoftAssert#PassWordChangeTest</h3><table class="result"><tr><th>Exception</th></tr><tr><td><div class="stacktrace">java.lang.Throwable: Method Using_SoftAssert.PassWordChangeTest()[pri:2, instance:Testcases.Using_SoftAssert@7e0babb1] depends on not successfully finished methods
	at java.util.concurrent.FutureTask.run(FutureTask.java:266)
	at java.util.concurrent.ThreadPoolExecutor.runWorker(ThreadPoolExecutor.java:1142)
	at java.util.concurrent.ThreadPoolExecutor$Worker.run(ThreadPoolExecutor.java:617)
	at java.lang.Thread.run(Thread.java:745)
... Removed 9 stack frames</div></td></tr></table><p class="totop"><a href="#summary">back to summary</a></p><h2>Objectclass_Demo</h2></body></html>