<!DOCTYPE html>

<html>
  <head>
  <title>TestNG reports</title>

    <link type="text/css" href="testng-reports.css" rel="stylesheet" />  
    <script type="text/javascript" src="jquery-1.7.1.min.js"></script>
    <script type="text/javascript" src="testng-reports.js"></script>
    <script type="text/javascript" src="https://www.google.com/jsapi"></script>
    <script type='text/javascript'>
      google.load('visualization', '1', {packages:['table']});
      google.setOnLoadCallback(drawTable);
      var suiteTableInitFunctions = new Array();
      var suiteTableData = new Array();
    </script>
    <!--
      <script type="text/javascript" src="jquery-ui/js/jquery-ui-1.8.16.custom.min.js"></script>
     -->
  </head>

  <body>
    <div class="top-banner-root">
      <span class="top-banner-title-font">Test results</span>
      <br/>
      <span class="top-banner-font-1">1 suite, 3 failed tests</span>
    </div> <!-- top-banner-root -->
    <div class="navigator-root">
      <div class="navigator-suite-header">
        <span>All suites</span>
        <a href="#" class="collapse-all-link" title="Collapse/expand all the suites">
          <img class="collapse-all-icon" src="collapseall.gif">
          </img> <!-- collapse-all-icon -->
        </a> <!-- collapse-all-link -->
      </div> <!-- navigator-suite-header -->
      <div class="suite">
        <div class="rounded-window">
          <div class="suite-header light-rounded-window-top">
            <a href="#" class="navigator-link" panel-name="suite-Learning_TestNG">
              <span class="suite-name border-failed">Learning TestNG</span>
            </a> <!-- navigator-link -->
          </div> <!-- suite-header light-rounded-window-top -->
          <div class="navigator-suite-content">
            <div class="suite-section-title">
              <span>Info</span>
            </div> <!-- suite-section-title -->
            <div class="suite-section-content">
              <ul>
                <li>
                  <a href="#" class="navigator-link " panel-name="test-xml-Learning_TestNG">
                    <span>C:\Sai\Selenium\SeleniumVideos_Modules\Module9_TestNG\testng.xml</span>
                  </a> <!-- navigator-link  -->
                </li>
                <li>
                  <a href="#" class="navigator-link " panel-name="testlist-Learning_TestNG">
                    <span class="test-stats">6 tests</span>
                  </a> <!-- navigator-link  -->
                </li>
                <li>
                  <a href="#" class="navigator-link " panel-name="group-Learning_TestNG">
                    <span>0 groups</span>
                  </a> <!-- navigator-link  -->
                </li>
                <li>
                  <a href="#" class="navigator-link " panel-name="times-Learning_TestNG">
                    <span>Times</span>
                  </a> <!-- navigator-link  -->
                </li>
                <li>
                  <a href="#" class="navigator-link " panel-name="reporter-Learning_TestNG">
                    <span>Reporter output</span>
                  </a> <!-- navigator-link  -->
                </li>
                <li>
                  <a href="#" class="navigator-link " panel-name="ignored-methods-Learning_TestNG">
                    <span>Ignored methods</span>
                  </a> <!-- navigator-link  -->
                </li>
                <li>
                  <a href="#" class="navigator-link " panel-name="chronological-Learning_TestNG">
                    <span>Chronological view</span>
                  </a> <!-- navigator-link  -->
                </li>
              </ul>
            </div> <!-- suite-section-content -->
            <div class="result-section">
              <div class="suite-section-title">
                <span>Results</span>
              </div> <!-- suite-section-title -->
              <div class="suite-section-content">
                <ul>
                  <li>
                    <span class="method-stats">11 methods, 3 failed,  3 skipped,  5 passed</span>
                  </li>
                  <li>
                    <span class="method-list-title failed">Failed methods</span>
                    <span class="show-or-hide-methods failed">
                      <a href="#" panel-name="suite-Learning_TestNG" class="hide-methods failed suite-Learning_TestNG"> (hide)</a> <!-- hide-methods failed suite-Learning_TestNG -->
                      <a href="#" panel-name="suite-Learning_TestNG" class="show-methods failed suite-Learning_TestNG"> (show)</a> <!-- show-methods failed suite-Learning_TestNG -->
                    </span>
                    <div class="method-list-content failed suite-Learning_TestNG">
                      <span>
                        <img width="3%" src="failed.png"/>
                        <a href="#" class="method navigator-link" panel-name="suite-Learning_TestNG" title="Testcases.Using_SoftAssert" hash-for-method="LoginTest">LoginTest</a> <!-- method navigator-link -->
                      </span>
                      <br/>
                      <span>
                        <img width="3%" src="failed.png"/>
                        <a href="#" class="method navigator-link" panel-name="suite-Learning_TestNG" title="Testcases.assert_softAssert" hash-for-method="RegisterTest">RegisterTest</a> <!-- method navigator-link -->
                      </span>
                      <br/>
                      <span>
                        <img width="3%" src="failed.png"/>
                        <a href="#" class="method navigator-link" panel-name="suite-Learning_TestNG" title="Testcases.RegTest" hash-for-method="registerTest">registerTest</a> <!-- method navigator-link -->
                      </span>
                      <br/>
                    </div> <!-- method-list-content failed suite-Learning_TestNG -->
                  </li>
                  <li>
                    <span class="method-list-title skipped">Skipped methods</span>
                    <span class="show-or-hide-methods skipped">
                      <a href="#" panel-name="suite-Learning_TestNG" class="hide-methods skipped suite-Learning_TestNG"> (hide)</a> <!-- hide-methods skipped suite-Learning_TestNG -->
                      <a href="#" panel-name="suite-Learning_TestNG" class="show-methods skipped suite-Learning_TestNG"> (show)</a> <!-- show-methods skipped suite-Learning_TestNG -->
                    </span>
                    <div class="method-list-content skipped suite-Learning_TestNG">
                      <span>
                        <img width="3%" src="skipped.png"/>
                        <a href="#" class="method navigator-link" panel-name="suite-Learning_TestNG" title="Testcases.ApplicationTest" hash-for-method="LoginTest">LoginTest</a> <!-- method navigator-link -->
                      </span>
                      <br/>
                      <span>
                        <img width="3%" src="skipped.png"/>
                        <a href="#" class="method navigator-link" panel-name="suite-Learning_TestNG" title="Testcases.Using_SoftAssert" hash-for-method="LogoutTest">LogoutTest</a> <!-- method navigator-link -->
                      </span>
                      <br/>
                      <span>
                        <img width="3%" src="skipped.png"/>
                        <a href="#" class="method navigator-link" panel-name="suite-Learning_TestNG" title="Testcases.Using_SoftAssert" hash-for-method="PassWordChangeTest">PassWordChangeTest</a> <!-- method navigator-link -->
                      </span>
                      <br/>
                    </div> <!-- method-list-content skipped suite-Learning_TestNG -->
                  </li>
                  <li>
                    <span class="method-list-title passed">Passed methods</span>
                    <span class="show-or-hide-methods passed">
                      <a href="#" panel-name="suite-Learning_TestNG" class="hide-methods passed suite-Learning_TestNG"> (hide)</a> <!-- hide-methods passed suite-Learning_TestNG -->
                      <a href="#" panel-name="suite-Learning_TestNG" class="show-methods passed suite-Learning_TestNG"> (show)</a> <!-- show-methods passed suite-Learning_TestNG -->
                    </span>
                    <div class="method-list-content passed suite-Learning_TestNG">
                      <span>
                        <img width="3%" src="passed.png"/>
                        <a href="#" class="method navigator-link" panel-name="suite-Learning_TestNG" title="Testcases.ApplicationTest" hash-for-method="LogoutTest">LogoutTest</a> <!-- method navigator-link -->
                      </span>
                      <br/>
                      <span>
                        <img width="3%" src="passed.png"/>
                        <a href="#" class="method navigator-link" panel-name="suite-Learning_TestNG" title="Testcases.ApplicationTest" hash-for-method="PassWordChangeTest">PassWordChangeTest</a> <!-- method navigator-link -->
                      </span>
                      <br/>
                      <span>
                        <img width="3%" src="passed.png"/>
                        <a href="#" class="method navigator-link" panel-name="suite-Learning_TestNG" title="Testcases.LoginTest_ParameteriseTests" hash-for-method="doLoginTest(U2, P2, Mozilla, Pass, 998765443)">doLoginTest(U2, P2, Mozilla, Pass, 998765443)</a> <!-- method navigator-link -->
                      </span>
                      <br/>
                      <span>
                        <img width="3%" src="passed.png"/>
                        <a href="#" class="method navigator-link" panel-name="suite-Learning_TestNG" title="Testcases.LoginTest_ParameteriseTests" hash-for-method="doLoginTest(U1, P1, Mozilla, Pass, 998765443)">doLoginTest(U1, P1, Mozilla, Pass, 998765443)</a> <!-- method navigator-link -->
                      </span>
                      <br/>
                      <span>
                        <img width="3%" src="passed.png"/>
                        <a href="#" class="method navigator-link" panel-name="suite-Learning_TestNG" title="Testcases.LoginTest_ParameteriseTests" hash-for-method="doLoginTest(U3, P3, Mozilla, Pass, 998765443)">doLoginTest(U3, P3, Mozilla, Pass, 998765443)</a> <!-- method navigator-link -->
                      </span>
                      <br/>
                    </div> <!-- method-list-content passed suite-Learning_TestNG -->
                  </li>
                </ul>
              </div> <!-- suite-section-content -->
            </div> <!-- result-section -->
          </div> <!-- navigator-suite-content -->
        </div> <!-- rounded-window -->
      </div> <!-- suite -->
    </div> <!-- navigator-root -->
    <div class="wrapper">
      <div class="main-panel-root">
        <div panel-name="suite-Learning_TestNG" class="panel Learning_TestNG">
          <div class="suite-Learning_TestNG-class-failed">
            <div class="main-panel-header rounded-window-top">
              <img src="failed.png"/>
              <span class="class-name">Testcases.RegTest</span>
            </div> <!-- main-panel-header rounded-window-top -->
            <div class="main-panel-content rounded-window-bottom">
              <div class="method">
                <div class="method-content">
                  <a name="registerTest">
                  </a> <!-- registerTest -->
                  <span class="method-name">registerTest</span>
                  <div class="stack-trace">java.lang.AssertionError: error message expected [true] but found [false]
	at Testcases.RegTest.registerTest(RegTest.java:36)
	at java.util.concurrent.FutureTask.run(FutureTask.java:266)
	at java.util.concurrent.ThreadPoolExecutor.runWorker(ThreadPoolExecutor.java:1142)
	at java.util.concurrent.ThreadPoolExecutor$Worker.run(ThreadPoolExecutor.java:617)
	at java.lang.Thread.run(Thread.java:745)
... Removed 19 stack frames
</div> <!-- stack-trace -->
                </div> <!-- method-content -->
              </div> <!-- method -->
            </div> <!-- main-panel-content rounded-window-bottom -->
          </div> <!-- suite-Learning_TestNG-class-failed -->
          <div class="suite-Learning_TestNG-class-failed">
            <div class="main-panel-header rounded-window-top">
              <img src="failed.png"/>
              <span class="class-name">Testcases.assert_softAssert</span>
            </div> <!-- main-panel-header rounded-window-top -->
            <div class="main-panel-content rounded-window-bottom">
              <div class="method">
                <div class="method-content">
                  <a name="RegisterTest">
                  </a> <!-- RegisterTest -->
                  <span class="method-name">RegisterTest</span>
                  <div class="stack-trace">java.lang.AssertionError: The following asserts failed:
	expected [aaaaa] but found [bbbbb],
	expected [Q] but found [P]
	at Testcases.assert_softAssert.RegisterTest(assert_softAssert.java:25)
	at java.util.concurrent.FutureTask.run(FutureTask.java:266)
	at java.util.concurrent.ThreadPoolExecutor.runWorker(ThreadPoolExecutor.java:1142)
	at java.util.concurrent.ThreadPoolExecutor$Worker.run(ThreadPoolExecutor.java:617)
	at java.lang.Thread.run(Thread.java:745)
... Removed 17 stack frames
</div> <!-- stack-trace -->
                </div> <!-- method-content -->
              </div> <!-- method -->
            </div> <!-- main-panel-content rounded-window-bottom -->
          </div> <!-- suite-Learning_TestNG-class-failed -->
          <div class="suite-Learning_TestNG-class-failed">
            <div class="main-panel-header rounded-window-top">
              <img src="failed.png"/>
              <span class="class-name">Testcases.Using_SoftAssert</span>
            </div> <!-- main-panel-header rounded-window-top -->
            <div class="main-panel-content rounded-window-bottom">
              <div class="method">
                <div class="method-content">
                  <a name="LoginTest">
                  </a> <!-- LoginTest -->
                  <span class="method-name">LoginTest</span>
                  <div class="stack-trace">java.lang.AssertionError: The following asserts failed:
	error message 1 ,
	expected [B] but found [A]
	at Testcases.Using_SoftAssert.LoginTest(Using_SoftAssert.java:77)
	at java.util.concurrent.FutureTask.run(FutureTask.java:266)
	at java.util.concurrent.ThreadPoolExecutor.runWorker(ThreadPoolExecutor.java:1142)
	at java.util.concurrent.ThreadPoolExecutor$Worker.run(ThreadPoolExecutor.java:617)
	at java.lang.Thread.run(Thread.java:745)
... Removed 17 stack frames
</div> <!-- stack-trace -->
                </div> <!-- method-content -->
              </div> <!-- method -->
            </div> <!-- main-panel-content rounded-window-bottom -->
          </div> <!-- suite-Learning_TestNG-class-failed -->
          <div class="suite-Learning_TestNG-class-skipped">
            <div class="main-panel-header rounded-window-top">
              <img src="skipped.png"/>
              <span class="class-name">Testcases.ApplicationTest</span>
            </div> <!-- main-panel-header rounded-window-top -->
            <div class="main-panel-content rounded-window-bottom">
              <div class="method">
                <div class="method-content">
                  <a name="LoginTest">
                  </a> <!-- LoginTest -->
                  <span class="method-name">LoginTest</span>
                  <div class="stack-trace">org.testng.SkipException: some reason
	at Testcases.ApplicationTest.LoginTest(ApplicationTest.java:102)
	at java.util.concurrent.FutureTask.run(FutureTask.java:266)
	at java.util.concurrent.ThreadPoolExecutor.runWorker(ThreadPoolExecutor.java:1142)
	at java.util.concurrent.ThreadPoolExecutor$Worker.run(ThreadPoolExecutor.java:617)
	at java.lang.Thread.run(Thread.java:745)
... Removed 16 stack frames
</div> <!-- stack-trace -->
                </div> <!-- method-content -->
              </div> <!-- method -->
            </div> <!-- main-panel-content rounded-window-bottom -->
          </div> <!-- suite-Learning_TestNG-class-skipped -->
          <div class="suite-Learning_TestNG-class-skipped">
            <div class="main-panel-header rounded-window-top">
              <img src="skipped.png"/>
              <span class="class-name">Testcases.Using_SoftAssert</span>
            </div> <!-- main-panel-header rounded-window-top -->
            <div class="main-panel-content rounded-window-bottom">
              <div class="method">
                <div class="method-content">
                  <a name="LogoutTest">
                  </a> <!-- LogoutTest -->
                  <span class="method-name">LogoutTest</span>
                  <div class="stack-trace">java.lang.Throwable: Method Using_SoftAssert.LogoutTest()[pri:3, instance:Testcases.Using_SoftAssert@7e0babb1] depends on not successfully finished methods
	at java.util.concurrent.FutureTask.run(FutureTask.java:266)
	at java.util.concurrent.ThreadPoolExecutor.runWorker(ThreadPoolExecutor.java:1142)
	at java.util.concurrent.ThreadPoolExecutor$Worker.run(ThreadPoolExecutor.java:617)
	at java.lang.Thread.run(Thread.java:745)
... Removed 9 stack frames
</div> <!-- stack-trace -->
                </div> <!-- method-content -->
              </div> <!-- method -->
              <div class="method">
                <div class="method-content">
                  <a name="PassWordChangeTest">
                  </a> <!-- PassWordChangeTest -->
                  <span class="method-name">PassWordChangeTest</span>
                  <div class="stack-trace">java.lang.Throwable: Method Using_SoftAssert.PassWordChangeTest()[pri:2, instance:Testcases.Using_SoftAssert@7e0babb1] depends on not successfully finished methods
	at java.util.concurrent.FutureTask.run(FutureTask.java:266)
	at java.util.concurrent.ThreadPoolExecutor.runWorker(ThreadPoolExecutor.java:1142)
	at java.util.concurrent.ThreadPoolExecutor$Worker.run(ThreadPoolExecutor.java:617)
	at java.lang.Thread.run(Thread.java:745)
... Removed 9 stack frames
</div> <!-- stack-trace -->
                </div> <!-- method-content -->
              </div> <!-- method -->
            </div> <!-- main-panel-content rounded-window-bottom -->
          </div> <!-- suite-Learning_TestNG-class-skipped -->
          <div class="suite-Learning_TestNG-class-passed">
            <div class="main-panel-header rounded-window-top">
              <img src="passed.png"/>
              <span class="class-name">Testcases.ApplicationTest</span>
            </div> <!-- main-panel-header rounded-window-top -->
            <div class="main-panel-content rounded-window-bottom">
              <div class="method">
                <div class="method-content">
                  <a name="LogoutTest">
                  </a> <!-- LogoutTest -->
                  <span class="method-name">LogoutTest</span>
                </div> <!-- method-content -->
              </div> <!-- method -->
              <div class="method">
                <div class="method-content">
                  <a name="PassWordChangeTest">
                  </a> <!-- PassWordChangeTest -->
                  <span class="method-name">PassWordChangeTest</span>
                </div> <!-- method-content -->
              </div> <!-- method -->
            </div> <!-- main-panel-content rounded-window-bottom -->
          </div> <!-- suite-Learning_TestNG-class-passed -->
          <div class="suite-Learning_TestNG-class-passed">
            <div class="main-panel-header rounded-window-top">
              <img src="passed.png"/>
              <span class="class-name">Testcases.LoginTest_ParameteriseTests</span>
            </div> <!-- main-panel-header rounded-window-top -->
            <div class="main-panel-content rounded-window-bottom">
              <div class="method">
                <div class="method-content">
                  <a name="doLoginTest(U2, P2, Mozilla, Pass, 998765443)">
                  </a> <!-- doLoginTest(U2, P2, Mozilla, Pass, 998765443) -->
                  <span class="method-name">doLoginTest</span>
                  <span class="parameters">(U2, P2, Mozilla, Pass, 998765443)</span>
                </div> <!-- method-content -->
              </div> <!-- method -->
              <div class="method">
                <div class="method-content">
                  <a name="doLoginTest(U1, P1, Mozilla, Pass, 998765443)">
                  </a> <!-- doLoginTest(U1, P1, Mozilla, Pass, 998765443) -->
                  <span class="method-name">doLoginTest</span>
                  <span class="parameters">(U1, P1, Mozilla, Pass, 998765443)</span>
                </div> <!-- method-content -->
              </div> <!-- method -->
              <div class="method">
                <div class="method-content">
                  <a name="doLoginTest(U3, P3, Mozilla, Pass, 998765443)">
                  </a> <!-- doLoginTest(U3, P3, Mozilla, Pass, 998765443) -->
                  <span class="method-name">doLoginTest</span>
                  <span class="parameters">(U3, P3, Mozilla, Pass, 998765443)</span>
                </div> <!-- method-content -->
              </div> <!-- method -->
            </div> <!-- main-panel-content rounded-window-bottom -->
          </div> <!-- suite-Learning_TestNG-class-passed -->
        </div> <!-- panel Learning_TestNG -->
        <div panel-name="test-xml-Learning_TestNG" class="panel">
          <div class="main-panel-header rounded-window-top">
            <span class="header-content">C:\Sai\Selenium\SeleniumVideos_Modules\Module9_TestNG\testng.xml</span>
          </div> <!-- main-panel-header rounded-window-top -->
          <div class="main-panel-content rounded-window-bottom">
            <pre>
&lt;?xml version=&quot;1.0&quot; encoding=&quot;UTF-8&quot;?&gt;
&lt;!DOCTYPE suite SYSTEM &quot;http://testng.org/testng-1.0.dtd&quot;&gt;
&lt;suite guice-stage=&quot;DEVELOPMENT&quot; name=&quot;Learning TestNG&quot; parallel=&quot;tests&quot;&gt;
  &lt;test name=&quot;Application Test&quot;&gt;
    &lt;classes&gt;
      &lt;class name=&quot;Testcases.ApplicationTest&quot;/&gt;
    &lt;/classes&gt;
  &lt;/test&gt; &lt;!-- Application Test --&gt;
  &lt;test name=&quot;LoginTest_Parameterise&quot;&gt;
    &lt;classes&gt;
      &lt;class name=&quot;Testcases.LoginTest_ParameteriseTests&quot;/&gt;
    &lt;/classes&gt;
  &lt;/test&gt; &lt;!-- LoginTest_Parameterise --&gt;
  &lt;test name=&quot;RegisterTest&quot;&gt;
    &lt;classes&gt;
      &lt;class name=&quot;Testcases.RegTest&quot;/&gt;
    &lt;/classes&gt;
  &lt;/test&gt; &lt;!-- RegisterTest --&gt;
  &lt;test name=&quot;assert_softassert&quot;&gt;
    &lt;classes&gt;
      &lt;class name=&quot;Testcases.assert_softAssert&quot;/&gt;
    &lt;/classes&gt;
  &lt;/test&gt; &lt;!-- assert_softassert --&gt;
  &lt;test name=&quot;Using_SoftAssert&quot;&gt;
    &lt;classes&gt;
      &lt;class name=&quot;Testcases.Using_SoftAssert&quot;/&gt;
    &lt;/classes&gt;
  &lt;/test&gt; &lt;!-- Using_SoftAssert --&gt;
  &lt;test name=&quot;Objectclass_Demo&quot;&gt;
    &lt;classes&gt;
      &lt;class name=&quot;Testcases.Objectclass_Demo&quot;/&gt;
    &lt;/classes&gt;
  &lt;/test&gt; &lt;!-- Objectclass_Demo --&gt;
&lt;/suite&gt; &lt;!-- Learning TestNG --&gt;
            </pre>
          </div> <!-- main-panel-content rounded-window-bottom -->
        </div> <!-- panel -->
        <div panel-name="testlist-Learning_TestNG" class="panel">
          <div class="main-panel-header rounded-window-top">
            <span class="header-content">Tests for Learning TestNG</span>
          </div> <!-- main-panel-header rounded-window-top -->
          <div class="main-panel-content rounded-window-bottom">
            <ul>
              <li>
                <span class="test-name">Application Test (1 class)</span>
              </li>
              <li>
                <span class="test-name">LoginTest_Parameterise (1 class)</span>
              </li>
              <li>
                <span class="test-name">RegisterTest (1 class)</span>
              </li>
              <li>
                <span class="test-name">assert_softassert (1 class)</span>
              </li>
              <li>
                <span class="test-name">Using_SoftAssert (1 class)</span>
              </li>
              <li>
                <span class="test-name">Objectclass_Demo (1 class)</span>
              </li>
            </ul>
          </div> <!-- main-panel-content rounded-window-bottom -->
        </div> <!-- panel -->
        <div panel-name="group-Learning_TestNG" class="panel">
          <div class="main-panel-header rounded-window-top">
            <span class="header-content">Groups for Learning TestNG</span>
          </div> <!-- main-panel-header rounded-window-top -->
          <div class="main-panel-content rounded-window-bottom">
          </div> <!-- main-panel-content rounded-window-bottom -->
        </div> <!-- panel -->
        <div panel-name="times-Learning_TestNG" class="panel">
          <div class="main-panel-header rounded-window-top">
            <span class="header-content">Times for Learning TestNG</span>
          </div> <!-- main-panel-header rounded-window-top -->
          <div class="main-panel-content rounded-window-bottom">
            <div class="times-div">
              <script type="text/javascript">
suiteTableInitFunctions.push('tableData_Learning_TestNG');
function tableData_Learning_TestNG() {
var data = new google.visualization.DataTable();
data.addColumn('number', 'Number');
data.addColumn('string', 'Method');
data.addColumn('string', 'Class');
data.addColumn('number', 'Time (ms)');
data.addRows(11);
data.setCell(0, 0, 0)
data.setCell(0, 1, 'RegisterTest')
data.setCell(0, 2, 'Testcases.assert_softAssert')
data.setCell(0, 3, 5);
data.setCell(1, 0, 1)
data.setCell(1, 1, 'LoginTest')
data.setCell(1, 2, 'Testcases.Using_SoftAssert')
data.setCell(1, 3, 3);
data.setCell(2, 0, 2)
data.setCell(2, 1, 'LoginTest')
data.setCell(2, 2, 'Testcases.ApplicationTest')
data.setCell(2, 3, 1);
data.setCell(3, 0, 3)
data.setCell(3, 1, 'doLoginTest')
data.setCell(3, 2, 'Testcases.LoginTest_ParameteriseTests')
data.setCell(3, 3, 1);
data.setCell(4, 0, 4)
data.setCell(4, 1, 'registerTest')
data.setCell(4, 2, 'Testcases.RegTest')
data.setCell(4, 3, 0);
data.setCell(5, 0, 5)
data.setCell(5, 1, 'LogoutTest')
data.setCell(5, 2, 'Testcases.ApplicationTest')
data.setCell(5, 3, 0);
data.setCell(6, 0, 6)
data.setCell(6, 1, 'PassWordChangeTest')
data.setCell(6, 2, 'Testcases.ApplicationTest')
data.setCell(6, 3, 0);
data.setCell(7, 0, 7)
data.setCell(7, 1, 'doLoginTest')
data.setCell(7, 2, 'Testcases.LoginTest_ParameteriseTests')
data.setCell(7, 3, 0);
data.setCell(8, 0, 8)
data.setCell(8, 1, 'doLoginTest')
data.setCell(8, 2, 'Testcases.LoginTest_ParameteriseTests')
data.setCell(8, 3, 0);
data.setCell(9, 0, 9)
data.setCell(9, 1, 'PassWordChangeTest')
data.setCell(9, 2, 'Testcases.Using_SoftAssert')
data.setCell(9, 3, 0);
data.setCell(10, 0, 10)
data.setCell(10, 1, 'LogoutTest')
data.setCell(10, 2, 'Testcases.Using_SoftAssert')
data.setCell(10, 3, 0);
window.suiteTableData['Learning_TestNG']= { tableData: data, tableDiv: 'times-div-Learning_TestNG'}
return data;
}
              </script>
              <span class="suite-total-time">Total running time: 10 ms</span>
              <div id="times-div-Learning_TestNG">
              </div> <!-- times-div-Learning_TestNG -->
            </div> <!-- times-div -->
          </div> <!-- main-panel-content rounded-window-bottom -->
        </div> <!-- panel -->
        <div panel-name="reporter-Learning_TestNG" class="panel">
          <div class="main-panel-header rounded-window-top">
            <span class="header-content">Reporter output for Learning TestNG</span>
          </div> <!-- main-panel-header rounded-window-top -->
          <div class="main-panel-content rounded-window-bottom">
          </div> <!-- main-panel-content rounded-window-bottom -->
        </div> <!-- panel -->
        <div panel-name="ignored-methods-Learning_TestNG" class="panel">
          <div class="main-panel-header rounded-window-top">
            <span class="header-content">0 ignored methods</span>
          </div> <!-- main-panel-header rounded-window-top -->
          <div class="main-panel-content rounded-window-bottom">
          </div> <!-- main-panel-content rounded-window-bottom -->
        </div> <!-- panel -->
        <div panel-name="chronological-Learning_TestNG" class="panel">
          <div class="main-panel-header rounded-window-top">
            <span class="header-content">Methods in chronological order</span>
          </div> <!-- main-panel-header rounded-window-top -->
          <div class="main-panel-content rounded-window-bottom">
            <div class="chronological-class">
              <div class="chronological-class-name">Testcases.ApplicationTest</div> <!-- chronological-class-name -->
              <div class="configuration-suite before">
                <span class="method-name">beforeSuite</span>
                <span class="method-start">0 ms</span>
              </div> <!-- configuration-suite before -->
            </div> <!-- chronological-class -->
            <div class="chronological-class">
              <div class="chronological-class-name">Testcases.Using_SoftAssert</div> <!-- chronological-class-name -->
              <div class="configuration-suite before">
                <span class="method-name">beforeSuite</span>
                <span class="method-start">9 ms</span>
              </div> <!-- configuration-suite before -->
            </div> <!-- chronological-class -->
            <div class="chronological-class">
              <div class="chronological-class-name">Testcases.ApplicationTest</div> <!-- chronological-class-name -->
              <div class="configuration-test before">
                <span class="method-name">beforeTest</span>
                <span class="method-start">14 ms</span>
              </div> <!-- configuration-test before -->
            </div> <!-- chronological-class -->
            <div class="chronological-class">
              <div class="chronological-class-name">Testcases.Using_SoftAssert</div> <!-- chronological-class-name -->
              <div class="configuration-test before">
                <span class="method-name">beforeTest</span>
                <span class="method-start">14 ms</span>
              </div> <!-- configuration-test before -->
            </div> <!-- chronological-class -->
            <div class="chronological-class">
              <div class="chronological-class-name">Testcases.ApplicationTest</div> <!-- chronological-class-name -->
              <div class="test-method">
                <span class="method-name">LoginTest</span>
                <span class="method-start">21 ms</span>
              </div> <!-- test-method -->
            </div> <!-- chronological-class -->
            <div class="chronological-class">
              <div class="chronological-class-name">Testcases.assert_softAssert</div> <!-- chronological-class-name -->
              <div class="test-method">
                <img src="failed.png">
                </img>
                <span class="method-name">RegisterTest</span>
                <span class="method-start">21 ms</span>
              </div> <!-- test-method -->
            </div> <!-- chronological-class -->
            <div class="chronological-class">
              <div class="chronological-class-name">Testcases.ApplicationTest</div> <!-- chronological-class-name -->
              <div class="configuration-method before">
                <span class="method-name">beforeMethod</span>
                <span class="method-start">21 ms</span>
              </div> <!-- configuration-method before -->
              <div class="configuration-method after">
                <span class="method-name">afterMethod</span>
                <span class="method-start">22 ms</span>
              </div> <!-- configuration-method after -->
              <div class="test-method">
                <span class="method-name">PassWordChangeTest</span>
                <span class="method-start">23 ms</span>
              </div> <!-- test-method -->
              <div class="configuration-method after">
                <span class="method-name">afterMethod</span>
                <span class="method-start">23 ms</span>
              </div> <!-- configuration-method after -->
              <div class="configuration-method before">
                <span class="method-name">beforeMethod</span>
                <span class="method-start">23 ms</span>
              </div> <!-- configuration-method before -->
              <div class="test-method">
                <span class="method-name">LogoutTest</span>
                <span class="method-start">24 ms</span>
              </div> <!-- test-method -->
              <div class="configuration-method after">
                <span class="method-name">afterMethod</span>
                <span class="method-start">24 ms</span>
              </div> <!-- configuration-method after -->
              <div class="configuration-method before">
                <span class="method-name">beforeMethod</span>
                <span class="method-start">24 ms</span>
              </div> <!-- configuration-method before -->
              <div class="configuration-test after">
                <span class="method-name">afterTest</span>
                <span class="method-start">25 ms</span>
              </div> <!-- configuration-test after -->
            </div> <!-- chronological-class -->
            <div class="chronological-class">
              <div class="chronological-class-name">Testcases.Using_SoftAssert</div> <!-- chronological-class-name -->
              <div class="configuration-method before">
                <span class="method-name">beforeMethod</span>
                <span class="method-start">27 ms</span>
              </div> <!-- configuration-method before -->
            </div> <!-- chronological-class -->
            <div class="chronological-class">
              <div class="chronological-class-name">Testcases.RegTest</div> <!-- chronological-class-name -->
              <div class="test-method">
                <img src="failed.png">
                </img>
                <span class="method-name">registerTest</span>
                <span class="method-start">27 ms</span>
              </div> <!-- test-method -->
            </div> <!-- chronological-class -->
            <div class="chronological-class">
              <div class="chronological-class-name">Testcases.Using_SoftAssert</div> <!-- chronological-class-name -->
              <div class="test-method">
                <img src="failed.png">
                </img>
                <span class="method-name">LoginTest</span>
                <span class="method-start">28 ms</span>
              </div> <!-- test-method -->
            </div> <!-- chronological-class -->
            <div class="chronological-class">
              <div class="chronological-class-name">Testcases.LoginTest_ParameteriseTests</div> <!-- chronological-class-name -->
              <div class="test-method">
                <span class="method-name">doLoginTest(U1, P1, Mozilla, Pass, 998765443)</span>
                <span class="method-start">29 ms</span>
              </div> <!-- test-method -->
              <div class="configuration-method after">
                <span class="method-name">afterMethod</span>
                <span class="method-start">30 ms</span>
              </div> <!-- configuration-method after -->
              <div class="configuration-method after">
                <span class="method-name">afterMethod</span>
                <span class="method-start">31 ms</span>
              </div> <!-- configuration-method after -->
              <div class="configuration-method after">
                <span class="method-name">afterMethod</span>
                <span class="method-start">31 ms</span>
              </div> <!-- configuration-method after -->
            </div> <!-- chronological-class -->
            <div class="chronological-class">
              <div class="chronological-class-name">Testcases.Using_SoftAssert</div> <!-- chronological-class-name -->
              <div class="configuration-method after">
                <span class="method-name">afterMethod</span>
                <span class="method-start">31 ms</span>
              </div> <!-- configuration-method after -->
            </div> <!-- chronological-class -->
            <div class="chronological-class">
              <div class="chronological-class-name">Testcases.LoginTest_ParameteriseTests</div> <!-- chronological-class-name -->
              <div class="test-method">
                <span class="method-name">doLoginTest(U2, P2, Mozilla, Pass, 998765443)</span>
                <span class="method-start">31 ms</span>
              </div> <!-- test-method -->
              <div class="test-method">
                <span class="method-name">doLoginTest(U3, P3, Mozilla, Pass, 998765443)</span>
                <span class="method-start">31 ms</span>
              </div> <!-- test-method -->
            </div> <!-- chronological-class -->
            <div class="chronological-class">
              <div class="chronological-class-name">Testcases.Using_SoftAssert</div> <!-- chronological-class-name -->
              <div class="configuration-test after">
                <span class="method-name">afterTest</span>
                <span class="method-start">33 ms</span>
              </div> <!-- configuration-test after -->
            </div> <!-- chronological-class -->
            <div class="chronological-class">
              <div class="chronological-class-name">Testcases.ApplicationTest</div> <!-- chronological-class-name -->
              <div class="configuration-suite after">
                <span class="method-name">afterSuite</span>
                <span class="method-start">103 ms</span>
              </div> <!-- configuration-suite after -->
            </div> <!-- chronological-class -->
            <div class="chronological-class">
              <div class="chronological-class-name">Testcases.Using_SoftAssert</div> <!-- chronological-class-name -->
              <div class="configuration-suite after">
                <span class="method-name">afterSuite</span>
                <span class="method-start">104 ms</span>
              </div> <!-- configuration-suite after -->
          </div> <!-- main-panel-content rounded-window-bottom -->
        </div> <!-- panel -->
      </div> <!-- main-panel-root -->
    </div> <!-- wrapper -->
  </body>
</html>
